1562146213391	webdriver::httpapi	DEBUG	Creating routes
1562146213396	geckodriver	DEBUG	Listening on 127.0.0.1:4444
1562146213510	webdriver::server	DEBUG	-> GET /status 
1562146213510	webdriver::server	DEBUG	<- 200 OK {"value":{"message":"","ready":true}}
1562146213577	webdriver::server	DEBUG	-> POST /session {"capabilities":{"browserName":"firefox","acceptSslCerts":true,"javascriptEnabled":true,"marionette":true},"desiredCapabilities":{"browserName":"firefox","acceptSslCerts":true,"platform":"ANY","javascriptEnabled":true,"marionette":true}}
1562146213580	mozrunner::runner	INFO	Running command: "/usr/bin/firefox" "-marionette" "-foreground" "-no-remote" "-profile" "/tmp/rust_mozprofile.caV8qoMzGOhy"
1562146213582	geckodriver::marionette	DEBUG	Waiting 60s to connect to browser on 127.0.0.1:41507
1562146214730	addons.webextension.screenshots@mozilla.org	WARN	Loading extension 'screenshots@mozilla.org': Reading manifest: Invalid extension permission: mozillaAddons
1562146214731	addons.webextension.screenshots@mozilla.org	WARN	Loading extension 'screenshots@mozilla.org': Reading manifest: Invalid extension permission: resource://pdf.js/
1562146214731	addons.webextension.screenshots@mozilla.org	WARN	Loading extension 'screenshots@mozilla.org': Reading manifest: Invalid extension permission: about:reader*
1562146214962	Marionette	DEBUG	Init aborted (running=false, enabled=true, finalUIStartup=false)
1562146217011	Marionette	DEBUG	Setting recommended pref apz.content_response_timeout to 60000
1562146217012	Marionette	DEBUG	Setting recommended pref browser.contentblocking.introCount to 99
1562146217012	Marionette	DEBUG	Setting recommended pref browser.download.panel.shown to true
1562146217012	Marionette	DEBUG	Setting recommended pref browser.newtabpage.enabled to false
1562146217014	Marionette	DEBUG	Setting recommended pref browser.pagethumbnails.capturing_disabled to true
1562146217014	Marionette	DEBUG	Setting recommended pref browser.search.update to false
1562146217015	Marionette	DEBUG	Setting recommended pref browser.tabs.disableBackgroundZombification to false
1562146217015	Marionette	DEBUG	Setting recommended pref browser.tabs.warnOnCloseOtherTabs to false
1562146217015	Marionette	DEBUG	Setting recommended pref browser.tabs.warnOnOpen to false
1562146217016	Marionette	DEBUG	Setting recommended pref browser.usedOnWindows10.introURL to 
1562146217016	Marionette	DEBUG	Setting recommended pref browser.urlbar.suggest.searches to false
1562146217017	Marionette	DEBUG	Setting recommended pref datareporting.policy.dataSubmissionPolicyAccepted to false
1562146217017	Marionette	DEBUG	Setting recommended pref dom.disable_beforeunload to true
1562146217017	Marionette	DEBUG	Setting recommended pref dom.disable_open_during_load to false
1562146217017	Marionette	DEBUG	Setting recommended pref dom.file.createInChild to true
1562146217017	Marionette	DEBUG	Setting recommended pref dom.max_chrome_script_run_time to 0
1562146217018	Marionette	DEBUG	Setting recommended pref dom.max_script_run_time to 0
1562146217019	Marionette	DEBUG	Setting recommended pref extensions.getAddons.cache.enabled to false
1562146217019	Marionette	DEBUG	Setting recommended pref extensions.webservice.discoverURL to http://%(server)s/dummy/discoveryURL
1562146217019	Marionette	DEBUG	Setting recommended pref network.http.prompt-temp-redirect to false
1562146217019	Marionette	DEBUG	Setting recommended pref network.http.speculative-parallel-limit to 0
1562146217019	Marionette	DEBUG	Setting recommended pref security.certerrors.mitm.priming.enabled to false
1562146217019	Marionette	DEBUG	Setting recommended pref security.fileuri.strict_origin_policy to false
1562146217020	Marionette	DEBUG	Setting recommended pref security.notification_enable_delay to 0
1562146217020	Marionette	DEBUG	Setting recommended pref signon.autofillForms to false
1562146217020	Marionette	DEBUG	Setting recommended pref signon.rememberSignons to false
1562146217020	Marionette	DEBUG	Setting recommended pref toolkit.cosmeticAnimations.enabled to false
1562146217094	Marionette	INFO	Listening on port 41507
1562146217095	Marionette	DEBUG	Remote service is active
1562146217189	geckodriver::marionette	DEBUG	Connection established on 127.0.0.1:41507. Waiting for Marionette handshake
1562146217190	Marionette	DEBUG	Accepted connection 0 from 127.0.0.1:51142
1562146217191	geckodriver::marionette	DEBUG	Connected to Marionette
1562146217192	Marionette	DEBUG	0 -> [0,1,"WebDriver:NewSession",{}]
1562146217227	Marionette	DEBUG	0 <- [1,1,null,{"sessionId":"d1d10787-49b3-43d2-a17b-dd12e39ff235","capabilities":{"browserName":"firefox","browserVersion":"67.0. ... ozprofile.caV8qoMzGOhy","moz:shutdownTimeout":60000,"moz:useNonSpecCompliantPointerOrigin":false,"moz:webdriverClick":true}}]
1562146217237	webdriver::server	DEBUG	<- 200 OK {"value":{"sessionId":"d1d10787-49b3-43d2-a17b-dd12e39ff235","capabilities":{"acceptInsecureCerts":false,"browserName":"firefox","browserVersion":"67.0.4","moz:accessibilityChecks":false,"moz:buildID":"20190620092152","moz:geckodriverVersion":"0.24.0","moz:headless":false,"moz:processID":7022,"moz:profile":"/tmp/rust_mozprofile.caV8qoMzGOhy","moz:shutdownTimeout":60000,"moz:useNonSpecCompliantPointerOrigin":false,"moz:webdriverClick":true,"pageLoadStrategy":"normal","platformName":"linux","platformVersion":"4.15.0-54-generic","rotatable":false,"setWindowRect":true,"strictFileInteractability":false,"timeouts":{"implicit":0,"pageLoad":300000,"script":30000},"unhandledPromptBehavior":"dismiss and notify"}}}
1562146217260	webdriver::server	DEBUG	-> POST /session/d1d10787-49b3-43d2-a17b-dd12e39ff235/url {"url":"https://usabilla.com/"}
1562146217261	Marionette	DEBUG	0 -> [0,2,"WebDriver:Navigate",{"url":"https://usabilla.com/"}]
1562146219284	Marionette	DEBUG	0 <- [1,2,null,{"value":null}]
1562146219287	webdriver::server	DEBUG	<- 200 OK {"value":null}
1562146219293	webdriver::server	DEBUG	-> POST /session/d1d10787-49b3-43d2-a17b-dd12e39ff235/elements {"using":"css selector","value":"body"}
1562146219294	Marionette	DEBUG	0 -> [0,3,"WebDriver:FindElements",{"using":"css selector","value":"body"}]
1562146219336	Marionette	DEBUG	0 <- [1,3,null,[{"element-6066-11e4-a52e-4f735466cecf":"4bcce4af-8d0e-4de0-8460-60b72a45c5ae"}]]
1562146219337	webdriver::server	DEBUG	<- 200 OK {"value":[{"element-6066-11e4-a52e-4f735466cecf":"4bcce4af-8d0e-4de0-8460-60b72a45c5ae"}]}
1562146219340	webdriver::server	DEBUG	-> GET /session/d1d10787-49b3-43d2-a17b-dd12e39ff235/element/4bcce4af-8d0e-4de0-8460-60b72a45c5ae/displayed 
1562146219341	Marionette	DEBUG	0 -> [0,4,"WebDriver:IsElementDisplayed",{"id":"4bcce4af-8d0e-4de0-8460-60b72a45c5ae"}]
1562146219379	Marionette	DEBUG	0 <- [1,4,null,{"value":true}]
1562146219380	webdriver::server	DEBUG	<- 200 OK {"value":true}
1562146222389	webdriver::server	DEBUG	-> POST /session/d1d10787-49b3-43d2-a17b-dd12e39ff235/elements {"using":"css selector","value":"a.optanon-allow-all"}
1562146222390	Marionette	DEBUG	0 -> [0,5,"WebDriver:FindElements",{"using":"css selector","value":"a.optanon-allow-all"}]
1562146222393	Marionette	DEBUG	0 <- [1,5,null,[{"element-6066-11e4-a52e-4f735466cecf":"d254d3fb-05ca-439c-b2fd-52cff1a418a9"}]]
1562146222393	webdriver::server	DEBUG	<- 200 OK {"value":[{"element-6066-11e4-a52e-4f735466cecf":"d254d3fb-05ca-439c-b2fd-52cff1a418a9"}]}
1562146222395	webdriver::server	DEBUG	-> GET /session/d1d10787-49b3-43d2-a17b-dd12e39ff235/element/d254d3fb-05ca-439c-b2fd-52cff1a418a9/displayed 
1562146222397	Marionette	DEBUG	0 -> [0,6,"WebDriver:IsElementDisplayed",{"id":"d254d3fb-05ca-439c-b2fd-52cff1a418a9"}]
1562146222409	Marionette	DEBUG	0 <- [1,6,null,{"value":true}]
1562146222410	webdriver::server	DEBUG	<- 200 OK {"value":true}
1562146222413	webdriver::server	DEBUG	-> POST /session/d1d10787-49b3-43d2-a17b-dd12e39ff235/elements {"using":"css selector","value":"a.optanon-allow-all"}
1562146222414	Marionette	DEBUG	0 -> [0,7,"WebDriver:FindElements",{"using":"css selector","value":"a.optanon-allow-all"}]
1562146222417	Marionette	DEBUG	0 <- [1,7,null,[{"element-6066-11e4-a52e-4f735466cecf":"d254d3fb-05ca-439c-b2fd-52cff1a418a9"}]]
1562146222418	webdriver::server	DEBUG	<- 200 OK {"value":[{"element-6066-11e4-a52e-4f735466cecf":"d254d3fb-05ca-439c-b2fd-52cff1a418a9"}]}
1562146222419	webdriver::server	DEBUG	-> POST /session/d1d10787-49b3-43d2-a17b-dd12e39ff235/element/d254d3fb-05ca-439c-b2fd-52cff1a418a9/click {"id":"d254d3fb-05ca-439c-b2fd-52cff1a418a9"}
1562146222420	Marionette	DEBUG	0 -> [0,8,"WebDriver:ElementClick",{"id":"d254d3fb-05ca-439c-b2fd-52cff1a418a9"}]
1562146222667	Marionette	DEBUG	[4294967297] Canceled page load listener because no navigation has been detected
1562146222669	Marionette	DEBUG	0 <- [1,8,null,{"value":null}]
1562146222670	webdriver::server	DEBUG	<- 200 OK {"value":null}
1562146222674	webdriver::server	DEBUG	-> POST /session/d1d10787-49b3-43d2-a17b-dd12e39ff235/elements {"using":"css selector","value":".usabilla_live_button_container > iframe"}
1562146222675	Marionette	DEBUG	0 -> [0,9,"WebDriver:FindElements",{"using":"css selector","value":".usabilla_live_button_container > iframe"}]
1562146222679	Marionette	DEBUG	0 <- [1,9,null,[{"element-6066-11e4-a52e-4f735466cecf":"bf6d4c17-36f8-40ae-b0b9-57b63ccd27c9"}]]
1562146222679	webdriver::server	DEBUG	<- 200 OK {"value":[{"element-6066-11e4-a52e-4f735466cecf":"bf6d4c17-36f8-40ae-b0b9-57b63ccd27c9"}]}
1562146222688	webdriver::server	DEBUG	-> POST /session/d1d10787-49b3-43d2-a17b-dd12e39ff235/elements {"using":"css selector","value":".usabilla_live_button_container > iframe"}
1562146222689	Marionette	DEBUG	0 -> [0,10,"WebDriver:FindElements",{"using":"css selector","value":".usabilla_live_button_container > iframe"}]
1562146222693	Marionette	DEBUG	0 <- [1,10,null,[{"element-6066-11e4-a52e-4f735466cecf":"bf6d4c17-36f8-40ae-b0b9-57b63ccd27c9"}]]
1562146222694	webdriver::server	DEBUG	<- 200 OK {"value":[{"element-6066-11e4-a52e-4f735466cecf":"bf6d4c17-36f8-40ae-b0b9-57b63ccd27c9"}]}
1562146222696	webdriver::server	DEBUG	-> GET /session/d1d10787-49b3-43d2-a17b-dd12e39ff235/element/bf6d4c17-36f8-40ae-b0b9-57b63ccd27c9/attribute/title 
1562146222699	Marionette	DEBUG	0 -> [0,11,"WebDriver:GetElementAttribute",{"id":"bf6d4c17-36f8-40ae-b0b9-57b63ccd27c9","name":"title"}]
1562146222703	Marionette	DEBUG	0 <- [1,11,null,{"value":"Usabilla Feedback Button"}]
1562146222703	webdriver::server	DEBUG	<- 200 OK {"value":"Usabilla Feedback Button"}
1562146222707	webdriver::server	DEBUG	-> POST /session/d1d10787-49b3-43d2-a17b-dd12e39ff235/elements {"using":"css selector","value":".usabilla_live_button_container"}
1562146222708	Marionette	DEBUG	0 -> [0,12,"WebDriver:FindElements",{"using":"css selector","value":".usabilla_live_button_container"}]
1562146222714	Marionette	DEBUG	0 <- [1,12,null,[{"element-6066-11e4-a52e-4f735466cecf":"a45cc2a2-8b88-4282-ad02-733b07e2df90"}]]
1562146222715	webdriver::server	DEBUG	<- 200 OK {"value":[{"element-6066-11e4-a52e-4f735466cecf":"a45cc2a2-8b88-4282-ad02-733b07e2df90"}]}
1562146222716	webdriver::server	DEBUG	-> POST /session/d1d10787-49b3-43d2-a17b-dd12e39ff235/element/a45cc2a2-8b88-4282-ad02-733b07e2df90/click {"id":"a45cc2a2-8b88-4282-ad02-733b07e2df90"}
1562146222717	Marionette	DEBUG	0 -> [0,13,"WebDriver:ElementClick",{"id":"a45cc2a2-8b88-4282-ad02-733b07e2df90"}]
1562146223226	Marionette	WARN	TimedPromise timed out after 500 ms: stacktrace:
bail@chrome://marionette/content/sync.js:223:64
1562146223427	Marionette	DEBUG	[4294967297] Canceled page load listener because no navigation has been detected
1562146223428	Marionette	DEBUG	0 <- [1,13,null,{"value":null}]
1562146223429	webdriver::server	DEBUG	<- 200 OK {"value":null}
1562146223430	webdriver::server	DEBUG	-> POST /session/d1d10787-49b3-43d2-a17b-dd12e39ff235/elements {"using":"css selector","value":".usabilla_scroller_area"}
1562146223431	Marionette	DEBUG	0 -> [0,14,"WebDriver:FindElements",{"using":"css selector","value":".usabilla_scroller_area"}]
1562146223435	Marionette	DEBUG	0 <- [1,14,null,[{"element-6066-11e4-a52e-4f735466cecf":"8a754a0c-2dd7-4b93-9f8e-9c228c4a699a"}]]
1562146223435	webdriver::server	DEBUG	<- 200 OK {"value":[{"element-6066-11e4-a52e-4f735466cecf":"8a754a0c-2dd7-4b93-9f8e-9c228c4a699a"}]}
1562146223441	webdriver::server	DEBUG	-> POST /session/d1d10787-49b3-43d2-a17b-dd12e39ff235/elements {"using":"css selector","value":".usabilla_scroller_area > iframe"}
1562146223442	Marionette	DEBUG	0 -> [0,15,"WebDriver:FindElements",{"using":"css selector","value":".usabilla_scroller_area > iframe"}]
1562146223446	Marionette	DEBUG	0 <- [1,15,null,[{"element-6066-11e4-a52e-4f735466cecf":"358fed1e-eb5b-4d15-b0d6-ea4b36bec225"}]]
1562146223446	webdriver::server	DEBUG	<- 200 OK {"value":[{"element-6066-11e4-a52e-4f735466cecf":"358fed1e-eb5b-4d15-b0d6-ea4b36bec225"}]}
1562146223448	webdriver::server	DEBUG	-> GET /session/d1d10787-49b3-43d2-a17b-dd12e39ff235/element/358fed1e-eb5b-4d15-b0d6-ea4b36bec225/displayed 
1562146223449	Marionette	DEBUG	0 -> [0,16,"WebDriver:IsElementDisplayed",{"id":"358fed1e-eb5b-4d15-b0d6-ea4b36bec225"}]
1562146223459	Marionette	DEBUG	0 <- [1,16,null,{"value":true}]
1562146223460	webdriver::server	DEBUG	<- 200 OK {"value":true}
1562146223461	webdriver::server	DEBUG	-> POST /session/d1d10787-49b3-43d2-a17b-dd12e39ff235/frame {"id":4}
1562146223463	Marionette	DEBUG	0 -> [0,17,"WebDriver:SwitchToFrame",{"id":4}]
1562146223467	Marionette	DEBUG	0 <- [1,17,null,{"value":null}]
1562146223468	webdriver::server	DEBUG	<- 200 OK {"value":null}
1562146223469	webdriver::server	DEBUG	-> POST /session/d1d10787-49b3-43d2-a17b-dd12e39ff235/elements {"using":"css selector","value":".choice_general h4"}
1562146223470	Marionette	DEBUG	0 -> [0,18,"WebDriver:FindElements",{"using":"css selector","value":".choice_general h4"}]
1562146223473	Marionette	DEBUG	0 <- [1,18,null,[{"element-6066-11e4-a52e-4f735466cecf":"f750348f-db1f-4be4-8794-8ce1983f3804"}]]
1562146223474	webdriver::server	DEBUG	<- 200 OK {"value":[{"element-6066-11e4-a52e-4f735466cecf":"f750348f-db1f-4be4-8794-8ce1983f3804"}]}
1562146223476	webdriver::server	DEBUG	-> POST /session/d1d10787-49b3-43d2-a17b-dd12e39ff235/elements {"using":"css selector","value":".choice_general h4"}
1562146223476	Marionette	DEBUG	0 -> [0,19,"WebDriver:FindElements",{"using":"css selector","value":".choice_general h4"}]
1562146223479	Marionette	DEBUG	0 <- [1,19,null,[{"element-6066-11e4-a52e-4f735466cecf":"f750348f-db1f-4be4-8794-8ce1983f3804"}]]
1562146223479	webdriver::server	DEBUG	<- 200 OK {"value":[{"element-6066-11e4-a52e-4f735466cecf":"f750348f-db1f-4be4-8794-8ce1983f3804"}]}
1562146223480	webdriver::server	DEBUG	-> POST /session/d1d10787-49b3-43d2-a17b-dd12e39ff235/element/f750348f-db1f-4be4-8794-8ce1983f3804/click {"id":"f750348f-db1f-4be4-8794-8ce1983f3804"}
1562146223481	Marionette	DEBUG	0 -> [0,20,"WebDriver:ElementClick",{"id":"f750348f-db1f-4be4-8794-8ce1983f3804"}]
JavaScript error: resource://gre/modules/WebNavigationFrames.jsm, line 43: TypeError: window is null
1562146223498	Marionette	DEBUG	0 <- [1,20,null,{"value":null}]
1562146223499	webdriver::server	DEBUG	<- 200 OK {"value":null}
1562146223500	webdriver::server	DEBUG	-> POST /session/d1d10787-49b3-43d2-a17b-dd12e39ff235/frame {}
1562146223501	Marionette	DEBUG	0 -> [0,21,"WebDriver:SwitchToFrame",{}]
1562146223647	Marionette	DEBUG	0 <- [1,21,null,{"value":null}]
1562146223647	webdriver::server	DEBUG	<- 200 OK {"value":null}
1562146223651	webdriver::server	DEBUG	-> POST /session/d1d10787-49b3-43d2-a17b-dd12e39ff235/frame {"id":4}
1562146223652	Marionette	DEBUG	0 -> [0,22,"WebDriver:SwitchToFrame",{"id":4}]
1562146223658	Marionette	DEBUG	0 <- [1,22,null,{"value":null}]
1562146223659	webdriver::server	DEBUG	<- 200 OK {"value":null}
1562146223660	webdriver::server	DEBUG	-> POST /session/d1d10787-49b3-43d2-a17b-dd12e39ff235/elements {"using":"css selector","value":"ul.rating li.rating_1"}
1562146223661	Marionette	DEBUG	0 -> [0,23,"WebDriver:FindElements",{"using":"css selector","value":"ul.rating li.rating_1"}]
1562146223676	Marionette	DEBUG	0 <- [1,23,null,[{"element-6066-11e4-a52e-4f735466cecf":"64281087-bfc5-449a-8a9c-3d183ab00bd1"}]]
1562146223677	webdriver::server	DEBUG	<- 200 OK {"value":[{"element-6066-11e4-a52e-4f735466cecf":"64281087-bfc5-449a-8a9c-3d183ab00bd1"}]}
1562146223678	webdriver::server	DEBUG	-> GET /session/d1d10787-49b3-43d2-a17b-dd12e39ff235/element/64281087-bfc5-449a-8a9c-3d183ab00bd1/displayed 
1562146223680	Marionette	DEBUG	0 -> [0,24,"WebDriver:IsElementDisplayed",{"id":"64281087-bfc5-449a-8a9c-3d183ab00bd1"}]
1562146223689	Marionette	DEBUG	0 <- [1,24,null,{"value":true}]
1562146223690	webdriver::server	DEBUG	<- 200 OK {"value":true}
1562146223691	webdriver::server	DEBUG	-> POST /session/d1d10787-49b3-43d2-a17b-dd12e39ff235/elements {"using":"css selector","value":"ul.rating li.rating_2"}
1562146223692	Marionette	DEBUG	0 -> [0,25,"WebDriver:FindElements",{"using":"css selector","value":"ul.rating li.rating_2"}]
1562146223694	Marionette	DEBUG	0 <- [1,25,null,[{"element-6066-11e4-a52e-4f735466cecf":"c90d6fc1-5be4-42c8-a8a5-8bd45e713d61"}]]
1562146223695	webdriver::server	DEBUG	<- 200 OK {"value":[{"element-6066-11e4-a52e-4f735466cecf":"c90d6fc1-5be4-42c8-a8a5-8bd45e713d61"}]}
1562146223700	webdriver::server	DEBUG	-> GET /session/d1d10787-49b3-43d2-a17b-dd12e39ff235/element/c90d6fc1-5be4-42c8-a8a5-8bd45e713d61/displayed 
1562146223702	Marionette	DEBUG	0 -> [0,26,"WebDriver:IsElementDisplayed",{"id":"c90d6fc1-5be4-42c8-a8a5-8bd45e713d61"}]
1562146223710	Marionette	DEBUG	0 <- [1,26,null,{"value":true}]
1562146223710	webdriver::server	DEBUG	<- 200 OK {"value":true}
1562146223712	webdriver::server	DEBUG	-> POST /session/d1d10787-49b3-43d2-a17b-dd12e39ff235/elements {"using":"css selector","value":"ul.rating li.rating_3"}
1562146223712	Marionette	DEBUG	0 -> [0,27,"WebDriver:FindElements",{"using":"css selector","value":"ul.rating li.rating_3"}]
1562146223717	Marionette	DEBUG	0 <- [1,27,null,[{"element-6066-11e4-a52e-4f735466cecf":"2124f1a9-759b-4d49-aec8-7553e62c0a1d"}]]
1562146223722	webdriver::server	DEBUG	<- 200 OK {"value":[{"element-6066-11e4-a52e-4f735466cecf":"2124f1a9-759b-4d49-aec8-7553e62c0a1d"}]}
1562146223723	webdriver::server	DEBUG	-> GET /session/d1d10787-49b3-43d2-a17b-dd12e39ff235/element/2124f1a9-759b-4d49-aec8-7553e62c0a1d/displayed 
1562146223724	Marionette	DEBUG	0 -> [0,28,"WebDriver:IsElementDisplayed",{"id":"2124f1a9-759b-4d49-aec8-7553e62c0a1d"}]
1562146223730	Marionette	DEBUG	0 <- [1,28,null,{"value":true}]
1562146223731	webdriver::server	DEBUG	<- 200 OK {"value":true}
1562146223732	webdriver::server	DEBUG	-> POST /session/d1d10787-49b3-43d2-a17b-dd12e39ff235/elements {"using":"css selector","value":"ul.rating li.rating_4"}
1562146223733	Marionette	DEBUG	0 -> [0,29,"WebDriver:FindElements",{"using":"css selector","value":"ul.rating li.rating_4"}]
1562146223735	Marionette	DEBUG	0 <- [1,29,null,[{"element-6066-11e4-a52e-4f735466cecf":"9e2f6aff-13cb-4c86-a365-1d260970c932"}]]
1562146223736	webdriver::server	DEBUG	<- 200 OK {"value":[{"element-6066-11e4-a52e-4f735466cecf":"9e2f6aff-13cb-4c86-a365-1d260970c932"}]}
1562146223737	webdriver::server	DEBUG	-> GET /session/d1d10787-49b3-43d2-a17b-dd12e39ff235/element/9e2f6aff-13cb-4c86-a365-1d260970c932/displayed 
1562146223737	Marionette	DEBUG	0 -> [0,30,"WebDriver:IsElementDisplayed",{"id":"9e2f6aff-13cb-4c86-a365-1d260970c932"}]
1562146223743	Marionette	DEBUG	0 <- [1,30,null,{"value":true}]
1562146223743	webdriver::server	DEBUG	<- 200 OK {"value":true}
1562146223745	webdriver::server	DEBUG	-> POST /session/d1d10787-49b3-43d2-a17b-dd12e39ff235/elements {"using":"css selector","value":"ul.rating li.rating_5"}
1562146223745	Marionette	DEBUG	0 -> [0,31,"WebDriver:FindElements",{"using":"css selector","value":"ul.rating li.rating_5"}]
1562146223751	Marionette	DEBUG	0 <- [1,31,null,[{"element-6066-11e4-a52e-4f735466cecf":"62ede4b4-52e7-49ea-898d-83e34fba3b30"}]]
1562146223752	webdriver::server	DEBUG	<- 200 OK {"value":[{"element-6066-11e4-a52e-4f735466cecf":"62ede4b4-52e7-49ea-898d-83e34fba3b30"}]}
1562146223753	webdriver::server	DEBUG	-> GET /session/d1d10787-49b3-43d2-a17b-dd12e39ff235/element/62ede4b4-52e7-49ea-898d-83e34fba3b30/displayed 
1562146223754	Marionette	DEBUG	0 -> [0,32,"WebDriver:IsElementDisplayed",{"id":"62ede4b4-52e7-49ea-898d-83e34fba3b30"}]
1562146223761	Marionette	DEBUG	0 <- [1,32,null,{"value":true}]
1562146223762	webdriver::server	DEBUG	<- 200 OK {"value":true}
1562146223765	webdriver::server	DEBUG	-> POST /session/d1d10787-49b3-43d2-a17b-dd12e39ff235/elements {"using":"css selector","value":"ul.rating li.rating_5"}
1562146223776	Marionette	DEBUG	0 -> [0,33,"WebDriver:FindElements",{"using":"css selector","value":"ul.rating li.rating_5"}]
1562146223781	Marionette	DEBUG	0 <- [1,33,null,[{"element-6066-11e4-a52e-4f735466cecf":"62ede4b4-52e7-49ea-898d-83e34fba3b30"}]]
1562146223781	webdriver::server	DEBUG	<- 200 OK {"value":[{"element-6066-11e4-a52e-4f735466cecf":"62ede4b4-52e7-49ea-898d-83e34fba3b30"}]}
1562146223784	webdriver::server	DEBUG	-> POST /session/d1d10787-49b3-43d2-a17b-dd12e39ff235/element/62ede4b4-52e7-49ea-898d-83e34fba3b30/click {"id":"62ede4b4-52e7-49ea-898d-83e34fba3b30"}
1562146223785	Marionette	DEBUG	0 -> [0,34,"WebDriver:ElementClick",{"id":"62ede4b4-52e7-49ea-898d-83e34fba3b30"}]
1562146224032	Marionette	DEBUG	[4294967297] Canceled page load listener because no navigation has been detected
1562146224033	Marionette	DEBUG	0 <- [1,34,null,{"value":null}]
1562146224034	webdriver::server	DEBUG	<- 200 OK {"value":null}
1562146224041	webdriver::server	DEBUG	-> POST /session/d1d10787-49b3-43d2-a17b-dd12e39ff235/elements {"using":"css selector","value":"select.text"}
1562146224042	Marionette	DEBUG	0 -> [0,35,"WebDriver:FindElements",{"using":"css selector","value":"select.text"}]
1562146224046	Marionette	DEBUG	0 <- [1,35,null,[{"element-6066-11e4-a52e-4f735466cecf":"d6426cf2-63ca-4794-b88d-b18c72087cce"}]]
1562146224046	webdriver::server	DEBUG	<- 200 OK {"value":[{"element-6066-11e4-a52e-4f735466cecf":"d6426cf2-63ca-4794-b88d-b18c72087cce"}]}
1562146224048	webdriver::server	DEBUG	-> GET /session/d1d10787-49b3-43d2-a17b-dd12e39ff235/element/d6426cf2-63ca-4794-b88d-b18c72087cce/displayed 
1562146224049	Marionette	DEBUG	0 -> [0,36,"WebDriver:IsElementDisplayed",{"id":"d6426cf2-63ca-4794-b88d-b18c72087cce"}]
1562146224055	Marionette	DEBUG	0 <- [1,36,null,{"value":true}]
1562146224056	webdriver::server	DEBUG	<- 200 OK {"value":true}
1562146224058	webdriver::server	DEBUG	-> POST /session/d1d10787-49b3-43d2-a17b-dd12e39ff235/elements {"using":"css selector","value":"option[value='suggestion']"}
1562146224059	Marionette	DEBUG	0 -> [0,37,"WebDriver:FindElements",{"using":"css selector","value":"option[value='suggestion']"}]
1562146224069	Marionette	DEBUG	0 <- [1,37,null,[{"element-6066-11e4-a52e-4f735466cecf":"3399b45e-8978-4c97-a026-d781d8035ef5"}]]
1562146224070	webdriver::server	DEBUG	<- 200 OK {"value":[{"element-6066-11e4-a52e-4f735466cecf":"3399b45e-8978-4c97-a026-d781d8035ef5"}]}
1562146224071	webdriver::server	DEBUG	-> GET /session/d1d10787-49b3-43d2-a17b-dd12e39ff235/element/3399b45e-8978-4c97-a026-d781d8035ef5/displayed 
1562146224072	Marionette	DEBUG	0 -> [0,38,"WebDriver:IsElementDisplayed",{"id":"3399b45e-8978-4c97-a026-d781d8035ef5"}]
1562146224084	Marionette	DEBUG	0 <- [1,38,null,{"value":true}]
1562146224084	webdriver::server	DEBUG	<- 200 OK {"value":true}
1562146224086	webdriver::server	DEBUG	-> POST /session/d1d10787-49b3-43d2-a17b-dd12e39ff235/elements {"using":"css selector","value":"option[value='compliment']"}
1562146224087	Marionette	DEBUG	0 -> [0,39,"WebDriver:FindElements",{"using":"css selector","value":"option[value='compliment']"}]
1562146224095	Marionette	DEBUG	0 <- [1,39,null,[{"element-6066-11e4-a52e-4f735466cecf":"82a23987-82f5-4917-93d0-c6504a6bd6fd"}]]
1562146224095	webdriver::server	DEBUG	<- 200 OK {"value":[{"element-6066-11e4-a52e-4f735466cecf":"82a23987-82f5-4917-93d0-c6504a6bd6fd"}]}
1562146224097	webdriver::server	DEBUG	-> GET /session/d1d10787-49b3-43d2-a17b-dd12e39ff235/element/82a23987-82f5-4917-93d0-c6504a6bd6fd/displayed 
1562146224097	Marionette	DEBUG	0 -> [0,40,"WebDriver:IsElementDisplayed",{"id":"82a23987-82f5-4917-93d0-c6504a6bd6fd"}]
1562146224104	Marionette	DEBUG	0 <- [1,40,null,{"value":true}]
1562146224104	webdriver::server	DEBUG	<- 200 OK {"value":true}
1562146224106	webdriver::server	DEBUG	-> POST /session/d1d10787-49b3-43d2-a17b-dd12e39ff235/elements {"using":"css selector","value":"option[value='bug']"}
1562146224106	Marionette	DEBUG	0 -> [0,41,"WebDriver:FindElements",{"using":"css selector","value":"option[value='bug']"}]
1562146224109	Marionette	DEBUG	0 <- [1,41,null,[{"element-6066-11e4-a52e-4f735466cecf":"4a15dded-05d6-419c-b173-ba79aff32ba5"}]]
1562146224110	webdriver::server	DEBUG	<- 200 OK {"value":[{"element-6066-11e4-a52e-4f735466cecf":"4a15dded-05d6-419c-b173-ba79aff32ba5"}]}
1562146224112	webdriver::server	DEBUG	-> GET /session/d1d10787-49b3-43d2-a17b-dd12e39ff235/element/4a15dded-05d6-419c-b173-ba79aff32ba5/displayed 
1562146224113	Marionette	DEBUG	0 -> [0,42,"WebDriver:IsElementDisplayed",{"id":"4a15dded-05d6-419c-b173-ba79aff32ba5"}]
1562146224120	Marionette	DEBUG	0 <- [1,42,null,{"value":true}]
1562146224121	webdriver::server	DEBUG	<- 200 OK {"value":true}
1562146224123	webdriver::server	DEBUG	-> POST /session/d1d10787-49b3-43d2-a17b-dd12e39ff235/elements {"using":"css selector","value":"option[value='question']"}
1562146224124	Marionette	DEBUG	0 -> [0,43,"WebDriver:FindElements",{"using":"css selector","value":"option[value='question']"}]
1562146224127	Marionette	DEBUG	0 <- [1,43,null,[{"element-6066-11e4-a52e-4f735466cecf":"637588a5-19d8-4907-8d8f-927ef05bfd56"}]]
1562146224185	webdriver::server	DEBUG	<- 200 OK {"value":[{"element-6066-11e4-a52e-4f735466cecf":"637588a5-19d8-4907-8d8f-927ef05bfd56"}]}
1562146224187	webdriver::server	DEBUG	-> GET /session/d1d10787-49b3-43d2-a17b-dd12e39ff235/element/637588a5-19d8-4907-8d8f-927ef05bfd56/displayed 
1562146224276	Marionette	DEBUG	0 -> [0,44,"WebDriver:IsElementDisplayed",{"id":"637588a5-19d8-4907-8d8f-927ef05bfd56"}]
1562146224289	Marionette	DEBUG	0 <- [1,44,null,{"value":true}]
1562146224290	webdriver::server	DEBUG	<- 200 OK {"value":true}
1562146224291	webdriver::server	DEBUG	-> POST /session/d1d10787-49b3-43d2-a17b-dd12e39ff235/elements {"using":"css selector","value":"option[value='suggestion']"}
1562146224292	Marionette	DEBUG	0 -> [0,45,"WebDriver:FindElements",{"using":"css selector","value":"option[value='suggestion']"}]
1562146224294	Marionette	DEBUG	0 <- [1,45,null,[{"element-6066-11e4-a52e-4f735466cecf":"3399b45e-8978-4c97-a026-d781d8035ef5"}]]
1562146224295	webdriver::server	DEBUG	<- 200 OK {"value":[{"element-6066-11e4-a52e-4f735466cecf":"3399b45e-8978-4c97-a026-d781d8035ef5"}]}
1562146224298	webdriver::server	DEBUG	-> POST /session/d1d10787-49b3-43d2-a17b-dd12e39ff235/element/3399b45e-8978-4c97-a026-d781d8035ef5/click {"id":"3399b45e-8978-4c97-a026-d781d8035ef5"}
1562146224298	Marionette	DEBUG	0 -> [0,46,"WebDriver:ElementClick",{"id":"3399b45e-8978-4c97-a026-d781d8035ef5"}]
1562146224531	Marionette	DEBUG	[4294967297] Canceled page load listener because no navigation has been detected
1562146224531	Marionette	DEBUG	0 <- [1,46,null,{"value":null}]
1562146224532	webdriver::server	DEBUG	<- 200 OK {"value":null}
1562146224535	webdriver::server	DEBUG	-> POST /session/d1d10787-49b3-43d2-a17b-dd12e39ff235/elements {"using":"css selector","value":"select.text"}
1562146224536	Marionette	DEBUG	0 -> [0,47,"WebDriver:FindElements",{"using":"css selector","value":"select.text"}]
1562146224538	Marionette	DEBUG	0 <- [1,47,null,[{"element-6066-11e4-a52e-4f735466cecf":"d6426cf2-63ca-4794-b88d-b18c72087cce"}]]
1562146224539	webdriver::server	DEBUG	<- 200 OK {"value":[{"element-6066-11e4-a52e-4f735466cecf":"d6426cf2-63ca-4794-b88d-b18c72087cce"}]}
1562146224540	webdriver::server	DEBUG	-> GET /session/d1d10787-49b3-43d2-a17b-dd12e39ff235/element/d6426cf2-63ca-4794-b88d-b18c72087cce/displayed 
1562146224541	Marionette	DEBUG	0 -> [0,48,"WebDriver:IsElementDisplayed",{"id":"d6426cf2-63ca-4794-b88d-b18c72087cce"}]
1562146224548	Marionette	DEBUG	0 <- [1,48,null,{"value":true}]
1562146224548	webdriver::server	DEBUG	<- 200 OK {"value":true}
1562146224550	webdriver::server	DEBUG	-> POST /session/d1d10787-49b3-43d2-a17b-dd12e39ff235/elements {"using":"css selector","value":"option[value='suggestion']"}
1562146224550	Marionette	DEBUG	0 -> [0,49,"WebDriver:FindElements",{"using":"css selector","value":"option[value='suggestion']"}]
1562146224553	Marionette	DEBUG	0 <- [1,49,null,[{"element-6066-11e4-a52e-4f735466cecf":"3399b45e-8978-4c97-a026-d781d8035ef5"}]]
1562146224553	webdriver::server	DEBUG	<- 200 OK {"value":[{"element-6066-11e4-a52e-4f735466cecf":"3399b45e-8978-4c97-a026-d781d8035ef5"}]}
1562146224554	webdriver::server	DEBUG	-> GET /session/d1d10787-49b3-43d2-a17b-dd12e39ff235/element/3399b45e-8978-4c97-a026-d781d8035ef5/displayed 
1562146224555	Marionette	DEBUG	0 -> [0,50,"WebDriver:IsElementDisplayed",{"id":"3399b45e-8978-4c97-a026-d781d8035ef5"}]
1562146224561	Marionette	DEBUG	0 <- [1,50,null,{"value":true}]
1562146224561	webdriver::server	DEBUG	<- 200 OK {"value":true}
1562146224563	webdriver::server	DEBUG	-> POST /session/d1d10787-49b3-43d2-a17b-dd12e39ff235/elements {"using":"css selector","value":"option[value='suggestion']"}
1562146224564	Marionette	DEBUG	0 -> [0,51,"WebDriver:FindElements",{"using":"css selector","value":"option[value='suggestion']"}]
1562146224567	Marionette	DEBUG	0 <- [1,51,null,[{"element-6066-11e4-a52e-4f735466cecf":"3399b45e-8978-4c97-a026-d781d8035ef5"}]]
1562146224567	webdriver::server	DEBUG	<- 200 OK {"value":[{"element-6066-11e4-a52e-4f735466cecf":"3399b45e-8978-4c97-a026-d781d8035ef5"}]}
1562146224569	webdriver::server	DEBUG	-> POST /session/d1d10787-49b3-43d2-a17b-dd12e39ff235/element/3399b45e-8978-4c97-a026-d781d8035ef5/click {"id":"3399b45e-8978-4c97-a026-d781d8035ef5"}
1562146224570	Marionette	DEBUG	0 -> [0,52,"WebDriver:ElementClick",{"id":"3399b45e-8978-4c97-a026-d781d8035ef5"}]
1562146224791	Marionette	DEBUG	[4294967297] Canceled page load listener because no navigation has been detected
1562146224792	Marionette	DEBUG	0 <- [1,52,null,{"value":null}]
1562146224793	webdriver::server	DEBUG	<- 200 OK {"value":null}
1562146224799	webdriver::server	DEBUG	-> POST /session/d1d10787-49b3-43d2-a17b-dd12e39ff235/elements {"using":"css selector","value":"h4#comment-input-suggestion"}
1562146224800	Marionette	DEBUG	0 -> [0,53,"WebDriver:FindElements",{"using":"css selector","value":"h4#comment-input-suggestion"}]
1562146224804	Marionette	DEBUG	0 <- [1,53,null,[{"element-6066-11e4-a52e-4f735466cecf":"e3b774bf-3fc8-4e2c-ad53-1cb0707acc9e"}]]
1562146224804	webdriver::server	DEBUG	<- 200 OK {"value":[{"element-6066-11e4-a52e-4f735466cecf":"e3b774bf-3fc8-4e2c-ad53-1cb0707acc9e"}]}
1562146224806	webdriver::server	DEBUG	-> GET /session/d1d10787-49b3-43d2-a17b-dd12e39ff235/element/e3b774bf-3fc8-4e2c-ad53-1cb0707acc9e/displayed 
1562146224807	Marionette	DEBUG	0 -> [0,54,"WebDriver:IsElementDisplayed",{"id":"e3b774bf-3fc8-4e2c-ad53-1cb0707acc9e"}]
1562146224814	Marionette	DEBUG	0 <- [1,54,null,{"value":true}]
1562146224814	webdriver::server	DEBUG	<- 200 OK {"value":true}
1562146224816	webdriver::server	DEBUG	-> POST /session/d1d10787-49b3-43d2-a17b-dd12e39ff235/elements {"using":"css selector","value":"h4#email-input-suggestion"}
1562146224817	Marionette	DEBUG	0 -> [0,55,"WebDriver:FindElements",{"using":"css selector","value":"h4#email-input-suggestion"}]
1562146224820	Marionette	DEBUG	0 <- [1,55,null,[{"element-6066-11e4-a52e-4f735466cecf":"ceb47421-662e-4ed1-b2b9-b014f405e8aa"}]]
1562146224820	webdriver::server	DEBUG	<- 200 OK {"value":[{"element-6066-11e4-a52e-4f735466cecf":"ceb47421-662e-4ed1-b2b9-b014f405e8aa"}]}
1562146224822	webdriver::server	DEBUG	-> GET /session/d1d10787-49b3-43d2-a17b-dd12e39ff235/element/ceb47421-662e-4ed1-b2b9-b014f405e8aa/displayed 
1562146224823	Marionette	DEBUG	0 -> [0,56,"WebDriver:IsElementDisplayed",{"id":"ceb47421-662e-4ed1-b2b9-b014f405e8aa"}]
1562146224832	Marionette	DEBUG	0 <- [1,56,null,{"value":true}]
1562146224833	webdriver::server	DEBUG	<- 200 OK {"value":true}
1562146224835	webdriver::server	DEBUG	-> POST /session/d1d10787-49b3-43d2-a17b-dd12e39ff235/elements {"using":"css selector","value":"h4#nps-input-suggestion"}
1562146224836	Marionette	DEBUG	0 -> [0,57,"WebDriver:FindElements",{"using":"css selector","value":"h4#nps-input-suggestion"}]
1562146224839	Marionette	DEBUG	0 <- [1,57,null,[{"element-6066-11e4-a52e-4f735466cecf":"7cb25eae-8a3f-482c-93c5-a7c54c06db76"}]]
1562146224840	webdriver::server	DEBUG	<- 200 OK {"value":[{"element-6066-11e4-a52e-4f735466cecf":"7cb25eae-8a3f-482c-93c5-a7c54c06db76"}]}
1562146224841	webdriver::server	DEBUG	-> GET /session/d1d10787-49b3-43d2-a17b-dd12e39ff235/element/7cb25eae-8a3f-482c-93c5-a7c54c06db76/displayed 
1562146224841	Marionette	DEBUG	0 -> [0,58,"WebDriver:IsElementDisplayed",{"id":"7cb25eae-8a3f-482c-93c5-a7c54c06db76"}]
1562146224850	Marionette	DEBUG	0 <- [1,58,null,{"value":true}]
1562146224850	webdriver::server	DEBUG	<- 200 OK {"value":true}
1562146224854	webdriver::server	DEBUG	-> POST /session/d1d10787-49b3-43d2-a17b-dd12e39ff235/elements {"using":"css selector","value":"[data-condition='suggestion'] .comment_input textarea"}
1562146224855	Marionette	DEBUG	0 -> [0,59,"WebDriver:FindElements",{"using":"css selector","value":"[data-condition='suggestion'] .comment_input textarea"}]
1562146224858	Marionette	DEBUG	0 <- [1,59,null,[{"element-6066-11e4-a52e-4f735466cecf":"3ae31dc3-f0e4-49c0-af5f-5f14ad9e6a70"}]]
1562146224858	webdriver::server	DEBUG	<- 200 OK {"value":[{"element-6066-11e4-a52e-4f735466cecf":"3ae31dc3-f0e4-49c0-af5f-5f14ad9e6a70"}]}
1562146224860	webdriver::server	DEBUG	-> POST /session/d1d10787-49b3-43d2-a17b-dd12e39ff235/element/3ae31dc3-f0e4-49c0-af5f-5f14ad9e6a70/value {"text":"Amazing site"}
1562146224860	Marionette	DEBUG	0 -> [0,60,"WebDriver:ElementSendKeys",{"id":"3ae31dc3-f0e4-49c0-af5f-5f14ad9e6a70","text":"Amazing site","value":["A","m","a","z","i","n","g"," ","s","i","t","e"]}]
1562146224890	Marionette	DEBUG	0 <- [1,60,null,{"value":null}]
1562146224890	webdriver::server	DEBUG	<- 200 OK {"value":null}
1562146224892	webdriver::server	DEBUG	-> POST /session/d1d10787-49b3-43d2-a17b-dd12e39ff235/elements {"using":"css selector","value":"[data-condition='suggestion'] .email_input .text"}
1562146224893	Marionette	DEBUG	0 -> [0,61,"WebDriver:FindElements",{"using":"css selector","value":"[data-condition='suggestion'] .email_input .text"}]
1562146224895	Marionette	DEBUG	0 <- [1,61,null,[{"element-6066-11e4-a52e-4f735466cecf":"530f1104-e027-45d3-b50b-aa5ce2b95ec4"}]]
1562146224896	webdriver::server	DEBUG	<- 200 OK {"value":[{"element-6066-11e4-a52e-4f735466cecf":"530f1104-e027-45d3-b50b-aa5ce2b95ec4"}]}
1562146224897	webdriver::server	DEBUG	-> POST /session/d1d10787-49b3-43d2-a17b-dd12e39ff235/element/530f1104-e027-45d3-b50b-aa5ce2b95ec4/value {"text":"g@gmail.com"}
1562146224898	Marionette	DEBUG	0 -> [0,62,"WebDriver:ElementSendKeys",{"id":"530f1104-e027-45d3-b50b-aa5ce2b95ec4","text":"g@gmail.com","value":["g","@","g","m","a","i","l",".","c","o","m"]}]
1562146224923	Marionette	DEBUG	0 <- [1,62,null,{"value":null}]
1562146224924	webdriver::server	DEBUG	<- 200 OK {"value":null}
1562146224925	webdriver::server	DEBUG	-> POST /session/d1d10787-49b3-43d2-a17b-dd12e39ff235/elements {"using":"css selector","value":"button.submit"}
1562146224926	Marionette	DEBUG	0 -> [0,63,"WebDriver:FindElements",{"using":"css selector","value":"button.submit"}]
1562146224954	Marionette	DEBUG	0 <- [1,63,null,[{"element-6066-11e4-a52e-4f735466cecf":"173c422d-7abf-43e5-a5fe-e02ed06f8fd9"}]]
1562146224955	webdriver::server	DEBUG	<- 200 OK {"value":[{"element-6066-11e4-a52e-4f735466cecf":"173c422d-7abf-43e5-a5fe-e02ed06f8fd9"}]}
1562146224956	webdriver::server	DEBUG	-> POST /session/d1d10787-49b3-43d2-a17b-dd12e39ff235/element/173c422d-7abf-43e5-a5fe-e02ed06f8fd9/click {"id":"173c422d-7abf-43e5-a5fe-e02ed06f8fd9"}
1562146224957	Marionette	DEBUG	0 -> [0,64,"WebDriver:ElementClick",{"id":"173c422d-7abf-43e5-a5fe-e02ed06f8fd9"}]
1562146225194	Marionette	DEBUG	[4294967297] Canceled page load listener because no navigation has been detected
1562146225195	Marionette	DEBUG	0 <- [1,64,null,{"value":null}]
1562146225196	webdriver::server	DEBUG	<- 200 OK {"value":null}
1562146225199	webdriver::server	DEBUG	-> POST /session/d1d10787-49b3-43d2-a17b-dd12e39ff235/elements {"using":"css selector","value":".usabilla_ui_holder .feedback h2"}
1562146225200	Marionette	DEBUG	0 -> [0,65,"WebDriver:FindElements",{"using":"css selector","value":".usabilla_ui_holder .feedback h2"}]
1562146225205	Marionette	DEBUG	0 <- [1,65,null,[]]
1562146225205	webdriver::server	DEBUG	<- 200 OK {"value":[]}
1562146225709	webdriver::server	DEBUG	-> POST /session/d1d10787-49b3-43d2-a17b-dd12e39ff235/elements {"using":"css selector","value":".usabilla_ui_holder .feedback h2"}
1562146225711	Marionette	DEBUG	0 -> [0,66,"WebDriver:FindElements",{"using":"css selector","value":".usabilla_ui_holder .feedback h2"}]
1562146225715	Marionette	DEBUG	0 <- [1,66,null,[{"element-6066-11e4-a52e-4f735466cecf":"07fd1f4b-ea94-43dc-a30b-f9ac66f3fe89"}]]
1562146225716	webdriver::server	DEBUG	<- 200 OK {"value":[{"element-6066-11e4-a52e-4f735466cecf":"07fd1f4b-ea94-43dc-a30b-f9ac66f3fe89"}]}
1562146225718	webdriver::server	DEBUG	-> GET /session/d1d10787-49b3-43d2-a17b-dd12e39ff235/element/07fd1f4b-ea94-43dc-a30b-f9ac66f3fe89/displayed 
1562146225719	Marionette	DEBUG	0 -> [0,67,"WebDriver:IsElementDisplayed",{"id":"07fd1f4b-ea94-43dc-a30b-f9ac66f3fe89"}]
1562146225725	Marionette	DEBUG	0 <- [1,67,null,{"value":true}]
1562146225726	webdriver::server	DEBUG	<- 200 OK {"value":true}
1562146225731	webdriver::server	DEBUG	-> POST /session/d1d10787-49b3-43d2-a17b-dd12e39ff235/elements {"using":"css selector","value":".usabilla_ui_holder .feedback h2"}
1562146225732	Marionette	DEBUG	0 -> [0,68,"WebDriver:FindElements",{"using":"css selector","value":".usabilla_ui_holder .feedback h2"}]
1562146225735	Marionette	DEBUG	0 <- [1,68,null,[{"element-6066-11e4-a52e-4f735466cecf":"07fd1f4b-ea94-43dc-a30b-f9ac66f3fe89"}]]
1562146225735	webdriver::server	DEBUG	<- 200 OK {"value":[{"element-6066-11e4-a52e-4f735466cecf":"07fd1f4b-ea94-43dc-a30b-f9ac66f3fe89"}]}
1562146225737	webdriver::server	DEBUG	-> GET /session/d1d10787-49b3-43d2-a17b-dd12e39ff235/element/07fd1f4b-ea94-43dc-a30b-f9ac66f3fe89/text 
1562146225737	Marionette	DEBUG	0 -> [0,69,"WebDriver:GetElementText",{"id":"07fd1f4b-ea94-43dc-a30b-f9ac66f3fe89"}]
1562146225754	Marionette	DEBUG	0 <- [1,69,null,{"value":"Thanks for leaving feedback!"}]
1562146225755	webdriver::server	DEBUG	<- 200 OK {"value":"Thanks for leaving feedback!"}
1562146225759	webdriver::server	DEBUG	-> POST /session/d1d10787-49b3-43d2-a17b-dd12e39ff235/elements {"using":"css selector","value":".continue"}
1562146225760	Marionette	DEBUG	0 -> [0,70,"WebDriver:FindElements",{"using":"css selector","value":".continue"}]
1562146225762	Marionette	DEBUG	0 <- [1,70,null,[{"element-6066-11e4-a52e-4f735466cecf":"6a88c67b-0e04-49dc-ae4f-6c7e75ae6abf"}]]
1562146225762	webdriver::server	DEBUG	<- 200 OK {"value":[{"element-6066-11e4-a52e-4f735466cecf":"6a88c67b-0e04-49dc-ae4f-6c7e75ae6abf"}]}
1562146225763	webdriver::server	DEBUG	-> GET /session/d1d10787-49b3-43d2-a17b-dd12e39ff235/element/6a88c67b-0e04-49dc-ae4f-6c7e75ae6abf/displayed 
1562146225764	Marionette	DEBUG	0 -> [0,71,"WebDriver:IsElementDisplayed",{"id":"6a88c67b-0e04-49dc-ae4f-6c7e75ae6abf"}]
1562146225769	Marionette	DEBUG	0 <- [1,71,null,{"value":true}]
1562146225769	webdriver::server	DEBUG	<- 200 OK {"value":true}
1562146225771	webdriver::server	DEBUG	-> POST /session/d1d10787-49b3-43d2-a17b-dd12e39ff235/elements {"using":"css selector","value":".continue"}
1562146225772	Marionette	DEBUG	0 -> [0,72,"WebDriver:FindElements",{"using":"css selector","value":".continue"}]
1562146225774	Marionette	DEBUG	0 <- [1,72,null,[{"element-6066-11e4-a52e-4f735466cecf":"6a88c67b-0e04-49dc-ae4f-6c7e75ae6abf"}]]
1562146225774	webdriver::server	DEBUG	<- 200 OK {"value":[{"element-6066-11e4-a52e-4f735466cecf":"6a88c67b-0e04-49dc-ae4f-6c7e75ae6abf"}]}
1562146225776	webdriver::server	DEBUG	-> POST /session/d1d10787-49b3-43d2-a17b-dd12e39ff235/element/6a88c67b-0e04-49dc-ae4f-6c7e75ae6abf/click {"id":"6a88c67b-0e04-49dc-ae4f-6c7e75ae6abf"}
1562146225777	Marionette	DEBUG	0 -> [0,73,"WebDriver:ElementClick",{"id":"6a88c67b-0e04-49dc-ae4f-6c7e75ae6abf"}]
1562146225825	Marionette	DEBUG	0 <- [1,73,null,{"value":null}]
1562146225825	webdriver::server	DEBUG	<- 200 OK {"value":null}
1562146225829	webdriver::server	DEBUG	-> DELETE /session/d1d10787-49b3-43d2-a17b-dd12e39ff235 
1562146225830	Marionette	DEBUG	0 -> [0,74,"Marionette:Quit",{"flags":["eForceQuit"]}]
1562146225831	Marionette	INFO	Stopped listening on port 41507
1562146225920	Marionette	DEBUG	0 <- [1,74,null,{"cause":"shutdown"}]
1562146225952	webdriver::server	DEBUG	Deleting session
1562146225956	Marionette	DEBUG	0 -> [0,75,"Marionette:Quit",{"flags":["eForceQuit"]}]
1562146225956	Marionette	DEBUG	0 <- [1,75,{"error":"invalid session id","message":"Tried to run command without establishing a connection","stacktrace":"WebDrive ... t@chrome://marionette/content/server.js:236:9\n_onJSONObjectReady/<@chrome://marionette/content/transport.js:492:20\n"},null]
1562146225963	Marionette	DEBUG	Closed connection 0
[Parent 7022, Gecko_IOThread] WARNING: pipe error (79): Connection reset by peer: file /build/firefox-ubqoiK/firefox-67.0.4+build1/ipc/chromium/src/chrome/common/ipc_channel_posix.cc, line 357
1562146226137	Marionette	DEBUG	Resetting recommended pref apz.content_response_timeout
1562146226137	Marionette	DEBUG	Resetting recommended pref browser.contentblocking.introCount
1562146226137	Marionette	DEBUG	Resetting recommended pref browser.download.panel.shown
1562146226138	Marionette	DEBUG	Resetting recommended pref browser.newtabpage.enabled
1562146226138	Marionette	DEBUG	Resetting recommended pref browser.pagethumbnails.capturing_disabled
1562146226138	Marionette	DEBUG	Resetting recommended pref browser.search.update
1562146226138	Marionette	DEBUG	Resetting recommended pref browser.tabs.disableBackgroundZombification
1562146226138	Marionette	DEBUG	Resetting recommended pref browser.tabs.warnOnCloseOtherTabs
1562146226138	Marionette	DEBUG	Resetting recommended pref browser.tabs.warnOnOpen
1562146226139	Marionette	DEBUG	Resetting recommended pref browser.usedOnWindows10.introURL
1562146226139	Marionette	DEBUG	Resetting recommended pref browser.urlbar.suggest.searches
1562146226139	Marionette	DEBUG	Resetting recommended pref datareporting.policy.dataSubmissionPolicyAccepted
1562146226139	Marionette	DEBUG	Resetting recommended pref dom.disable_beforeunload
1562146226139	Marionette	DEBUG	Resetting recommended pref dom.disable_open_during_load
1562146226139	Marionette	DEBUG	Resetting recommended pref dom.file.createInChild
1562146226140	Marionette	DEBUG	Resetting recommended pref dom.max_chrome_script_run_time
1562146226140	Marionette	DEBUG	Resetting recommended pref dom.max_script_run_time
1562146226140	Marionette	DEBUG	Resetting recommended pref extensions.getAddons.cache.enabled
1562146226140	Marionette	DEBUG	Resetting recommended pref extensions.webservice.discoverURL
1562146226140	Marionette	DEBUG	Resetting recommended pref network.http.prompt-temp-redirect
1562146226140	Marionette	DEBUG	Resetting recommended pref network.http.speculative-parallel-limit
1562146226140	Marionette	DEBUG	Resetting recommended pref security.certerrors.mitm.priming.enabled
1562146226140	Marionette	DEBUG	Resetting recommended pref security.fileuri.strict_origin_policy
1562146226140	Marionette	DEBUG	Resetting recommended pref security.notification_enable_delay
1562146226141	Marionette	DEBUG	Resetting recommended pref signon.autofillForms
1562146226141	Marionette	DEBUG	Resetting recommended pref signon.rememberSignons
1562146226141	Marionette	DEBUG	Resetting recommended pref toolkit.cosmeticAnimations.enabled
1562146226141	Marionette	DEBUG	Remote service is inactive
1562146226457	geckodriver::marionette	DEBUG	Browser process stopped: exit code: 0
1562146226464	webdriver::server	DEBUG	<- 200 OK {"value":null}
